make all --print-data-base --no-builtin-variables --no-builtin-rules --question
# GNU Make 3.81
# Copyright (C) 2006  Free Software Foundation, Inc.
# This is free software; see the source for copying conditions.
# There is NO warranty; not even for MERCHANTABILITY or FITNESS FOR A
# PARTICULAR PURPOSE.

# This program built for i386-apple-darwin11.3.0
 

# Make data base, printed on Thu Jul 14 16:31:51 2022

# Variables

# automatic
<D = $(patsubst %/,%,$(dir $<))
# automatic
?F = $(notdir $?)
# makefile (from `Makefile', line 63)
OBJ = $(SRCS:.c=.o)
# environment
VSCODE_LOG_NATIVE = false
# automatic
?D = $(patsubst %/,%,$(dir $?))
# automatic
@D = $(patsubst %/,%,$(dir $@))
 
# automatic
@F = $(notdir $@)
# makefile
CURDIR := /Users/eward/Documents/minishell
# makefile
SHELL = /bin/sh
# makefile (from `Makefile', line 61)
RM = rm -f
# environment
VSCODE_NLS_CONFIG = {"locale":"en-us","availableLanguages":{},"_languagePackSupport":true}
# environment
_ = /usr/bin/make
# makefile (from `Makefile', line 1)
MAKEFILE_LIST :=  Makefile
# environment
VSCODE_VERBOSE_LOGGING = true
# environment
VSCODE_IPC_HOOK_EXTHOST = /var/folders/zz/zyxvpxvq6csfxvn_n00021fw000hbq/T/vscode-ipc-954c09ac-9769-44a0-b32b-8deed670a54b.sock
# environment
VSCODE_CWD = /
# environment
Apple_PubSub_Socket_Render = /private/tmp/com.apple.launchd.GqOXMcDoUs/Render
# environment
PATH = /usr/local/bin:/usr/bin:/bin:/usr/sbin:/sbin:/usr/local/go/bin:/usr/local/munki:/opt/X11/bin
# environment
VSCODE_LOG_STACK = false
# environment
ELECTRON_RUN_AS_NODE = 1
# makefile (from `Makefile', line 65)
LIB = libft.a
# default
.FEATURES := target-specific order-only second-expansion else-if archives jobserver check-symlink
# environment
SSH_AUTH_SOCK = /private/tmp/com.apple.launchd.weBM34ZBkj/Listeners
# automatic
%F = $(notdir $%)
# environment
DISPLAY = /private/tmp/com.apple.launchd.YQ8tZUa7aj/org.xquartz:0
# environment
VSCODE_PIPE_LOGGING = true
# environment
PWD = /Users/eward/Documents/minishell
# environment
ORIGINAL_XDG_CURRENT_DESKTOP = undefined
# environment
VSCODE_AMD_ENTRYPOINT = vs/workbench/api/node/extensionHostProcess
# environment
HOME = /Users/eward
# default
MAKEFILEPATH := /Applications/Xcode.app/Contents/Developer/Makefiles
# environment
VSCODE_CODE_CACHE_PATH = /Users/eward/Library/Application Support/Code/CachedData/30d9c6cd9483b2cc586687151bcbcd635f373630
# environment
LOGNAME = eward
# environment
APPLICATION_INSIGHTS_NO_DIAGNOSTIC_CHANNEL = 1
# environment
VSCODE_HANDLES_UNCAUGHT_ERRORS = true
# automatic
^D = $(patsubst %/,%,$(dir $^))
# environment
XPC_FLAGS = 0x0
# default
MAKE = $(MAKE_COMMAND)
# default
MAKECMDGOALS := all
# makefile (from `Makefile', line 15)
SRCS = main.c executer/env/init_env.c executer/env/get_env.c executer/env/set_env.c executer/env/del_env.c executer/builtins/cd.c executer/builtins/echo.c executer/builtins/env.c executer/builtins/export.c executer/builtins/export2.c executer/builtins/export3.c executer/builtins/pwd.c executer/builtins/unset.c executer/builtins/builtins.c executer/pipe/create_pipe.c executer/pipe/pipex.c executer/signal/signal.c executer/pipe/heredoc.c executer/pipe/redirect.c executer/pipe/free.c parser/parse_heredocs.c parser/read_lines.c parser/read_lines_1.c parser/substitute_envp.c parser/substitute_envp_1.c parser/substitute_envp_2.c parser/to_tree.c parser/to_tree_1.c parser/to_tree_2.c parser/check.c parser/add_filenames.c utils/utils.c 
# environment
SHLVL = 1
# makefile (from `Makefile', line 57)
CC = cc
# default
MAKE_VERSION := 3.81
# environment
USER = eward
# makefile
.DEFAULT_GOAL := all
# makefile (from `Makefile', line 13)
NAME = minishell
# automatic
%D = $(patsubst %/,%,$(dir $%))
# default
MAKE_COMMAND := /Applications/Xcode.app/Contents/Developer/usr/bin/make
# default
.VARIABLES := 
# environment
TMPDIR = /var/folders/zz/zyxvpxvq6csfxvn_n00021fw000hbq/T/
# automatic
*F = $(notdir $*)
# environment
VSCODE_IPC_HOOK = /Users/eward/Library/Application Support/Code/1.68.1-main.sock
# makefile
MAKEFLAGS = Rrqp
# environment
MFLAGS = -Rrqp
# automatic
*D = $(patsubst %/,%,$(dir $*))
# environment
XPC_SERVICE_NAME = com.apple.xpc.launchd.oneshot.0x10000001.Electron
# automatic
+D = $(patsubst %/,%,$(dir $+))
# automatic
+F = $(notdir $+)
# environment
__CF_USER_TEXT_ENCODING = 0x4177:0x0:0x0
# environment
COMMAND_MODE = unix2003
# default
MAKEFILES := 
# automatic
<F = $(notdir $<)
# environment
LC_ALL = C
# makefile (from `Makefile', line 52)
HEADER = minishell.h
# environment
SECURITYSESSIONID = 186a8
# automatic
^F = $(notdir $^)
# default
SUFFIXES := 
# makefile (from `Makefile', line 58)
FLAGS = -Wall -Werror -Wextra
# default
.INCLUDE_DIRS = /usr/local/include
# environment
MAKELEVEL := 0
# environment
LANG = C
# environment
VSCODE_PID = 29574
# variable set hash-table stats:
# Load=72/1024=7%, Rehash=0, Collisions=3/105=3%

# Pattern-specific Variable Values

# No pattern-specific variable values.

# Directories

# file1.txt (device 16777227, inode 421225): could not be opened.
# Makefile (device 16777227, inode 421198): could not be opened.
# utils (device 16777227, inode 421290): 3 files, no impossibilities.
# . (device 16777227, inode 421131): 16 files, no impossibilities.
# readline (device 16777227, inode 421279): 12 files, no impossibilities.
# parser (device 16777227, inode 421267): 13 files, no impossibilities.
# executer (device 16777227, inode 421199): 8 files, no impossibilities.
# main.c (device 16777227, inode 421265): could not be opened.
# minishell.h (device 16777227, inode 421266): could not be opened.
 
# libft (device 16777227, inode 421226): 40 files, no impossibilities.

# 92 files, no impossibilities in 10 directories.

# Implicit Rules

%.o: %.c  */*.h minishell.h
#  commands to execute (from `Makefile', line 75):
	$(CC) -g $(FLAGS) -c $< -o $@
	

# 1 implicit rules, 0 (0.0%) terminal.

# Files

# Not a target:
readline/chardefs.h:
#  Implicit rule search has been done.
#  Last modified 2022-07-14 16:31:31
#  File has been updated.
#  Successfully updated.
# variable set hash-table stats:
# Load=0/32=0%, Rehash=0, Collisions=0/0=0%

# Not a target:
executer/builtins/pwd.o:
#  Implicit rule search has not been done.
#  Modification time never checked.
#  File has not been updated.

# Not a target:
executer/builtins/cd.o:
#  Implicit rule search has not been done.
#  Modification time never checked.
#  File has not been updated.

# Not a target:
libft/ft_strlcpy.c:
#  Implicit rule search has not been done.
#  Modification time never checked.
#  File has not been updated.

# Not a target:
libft/ft_strncmp.c:
#  Implicit rule search has not been done.
#  Modification time never checked.
#  File has not been updated.

# Not a target:
executer/builtins/export3.o:
#  Implicit rule search has not been done.
#  Modification time never checked.
#  File has not been updated.

# Not a target:
libft/ft_isalnum.c:
#  Implicit rule search has not been done.
#  Modification time never checked.
#  File has not been updated.

all: minishell
#  Phony target (prerequisite of .PHONY).
#  Command-line target.
#  Implicit rule search has not been done.
#  File does not exist.
#  File has been updated.
#  Needs to be updated (-q is set).
# variable set hash-table stats:
# Load=0/32=0%, Rehash=0, Collisions=0/4=0%

# Not a target:
readline/history.h:
#  Implicit rule search has been done.
#  Last modified 2022-07-14 16:31:31
#  File has been updated.
#  Successfully updated.
# variable set hash-table stats:
# Load=0/32=0%, Rehash=0, Collisions=0/0=0%

# Not a target:
executer/pipe/redirect.o:
#  Implicit rule search has not been done.
#  Modification time never checked.
#  File has not been updated.

# Not a target:
libft/ft_strdup.c:
#  Implicit rule search has not been done.
#  Modification time never checked.
#  File has not been updated.

.PHONY: all clean fclean re
#  Implicit rule search has not been done.
#  Modification time never checked.
#  File has not been updated.

# Not a target:
executer/builtins/echo.o:
#  Implicit rule search has not been done.
#  Modification time never checked.
#  File has not been updated.

# Not a target:
libft/ft_memmove.c:
#  Implicit rule search has not been done.
#  Modification time never checked.
#  File has not been updated.

# Not a target:
libft/ft_strchr.c:
#  Implicit rule search has not been done.
#  Modification time never checked.
#  File has not been updated.

# Not a target:
parser/to_tree_1.o:
#  Implicit rule search has not been done.
#  Modification time never checked.
#  File has not been updated.

# Not a target:
executer/env/init_env.o:
#  Implicit rule search has not been done.
#  Modification time never checked.
#  File has not been updated.

# Not a target:
main.c:
#  Implicit rule search has been done.
#  Last modified 2022-07-14 16:31:31
#  File has been updated.
#  Successfully updated.
# variable set hash-table stats:
# Load=0/32=0%, Rehash=0, Collisions=0/0=0%

# Not a target:
executer/builtins/export.o:
#  Implicit rule search has not been done.
#  Modification time never checked.
#  File has not been updated.

# Not a target:
libft/ft_toupper.c:
#  Implicit rule search has not been done.
#  Modification time never checked.
#  File has not been updated.

# Not a target:
readline/readline.h:
#  Implicit rule search has been done.
#  Last modified 2022-07-14 16:31:31
#  File has been updated.
#  Successfully updated.
# variable set hash-table stats:
# Load=0/32=0%, Rehash=0, Collisions=0/0=0%

# Not a target:
readline/rlconf.h:
#  Implicit rule search has been done.
#  Last modified 2022-07-14 16:31:31
#  File has been updated.
#  Successfully updated.
# variable set hash-table stats:
# Load=0/32=0%, Rehash=0, Collisions=0/0=0%

# Not a target:
libft/ft_strnstr.c:
#  Implicit rule search has not been done.
#  Modification time never checked.
#  File has not been updated.

# Not a target:
libft/ft_putstr_fd.c:
#  Implicit rule search has not been done.
#  Modification time never checked.
#  File has not been updated.

# Not a target:
parser/substitute_envp.o:
#  Implicit rule search has not been done.
#  Modification time never checked.
#  File has not been updated.

# Not a target:
executer/signal/signal.o:
#  Implicit rule search has not been done.
#  Modification time never checked.
#  File has not been updated.

# Not a target:
.SUFFIXES:
#  Implicit rule search has not been done.
#  Modification time never checked.
#  File has not been updated.

# Not a target:
parser/read_lines.o:
#  Implicit rule search has not been done.
#  Modification time never checked.
#  File has not been updated.

# Not a target:
Makefile:
#  Implicit rule search has been done.
#  Last modified 2022-07-14 16:31:31
#  File has been updated.
#  Successfully updated.
# variable set hash-table stats:
# Load=0/32=0%, Rehash=0, Collisions=0/0=0%

# Not a target:
libft/ft_putchar_fd.c:
#  Implicit rule search has not been done.
#  Modification time never checked.
#  File has not been updated.

# Not a target:
libft/ft_atoi.c:
#  Implicit rule search has not been done.
#  Modification time never checked.
#  File has not been updated.

# Not a target:
readline/keymaps.h:
#  Implicit rule search has been done.
#  Last modified 2022-07-14 16:31:31
#  File has been updated.
#  Successfully updated.
# variable set hash-table stats:
# Load=0/32=0%, Rehash=0, Collisions=0/0=0%

# Not a target:
libft/ft_strtrim.c:
#  Implicit rule search has not been done.
#  Modification time never checked.
#  File has not been updated.

# Not a target:
parser/to_tree_2.o:
#  Implicit rule search has not been done.
#  Modification time never checked.
#  File has not been updated.

# Not a target:
executer/pipe/pipex.o:
#  Implicit rule search has not been done.
#  Modification time never checked.
#  File has not been updated.

# Not a target:
libft/ft_putendl_fd.c:
#  Implicit rule search has not been done.
#  Modification time never checked.
#  File has not been updated.

# Not a target:
libft/ft_strmapi.c:
#  Implicit rule search has not been done.
#  Modification time never checked.
#  File has not been updated.

# Not a target:
executer/builtins/builtins.o:
#  Implicit rule search has not been done.
#  Modification time never checked.
#  File has not been updated.

minishell: main.o executer/env/init_env.o executer/env/get_env.o executer/env/set_env.o executer/env/del_env.o executer/builtins/cd.o executer/builtins/echo.o executer/builtins/env.o executer/builtins/export.o executer/builtins/export2.o executer/builtins/export3.o executer/builtins/pwd.o executer/builtins/unset.o executer/builtins/builtins.o executer/pipe/create_pipe.o executer/pipe/pipex.o executer/signal/signal.o executer/pipe/heredoc.o executer/pipe/redirect.o executer/pipe/free.o parser/parse_heredocs.o parser/read_lines.o parser/read_lines_1.o parser/substitute_envp.o parser/substitute_envp_1.o parser/substitute_envp_2.o parser/to_tree.o parser/to_tree_1.o parser/to_tree_2.o parser/check.o parser/add_filenames.o utils/utils.o libft/ft_atoi.c libft/ft_bzero.c libft/ft_calloc.c libft/ft_isalnum.c libft/ft_isalpha.c libft/ft_isascii.c libft/ft_isdigit.c libft/ft_isprint.c libft/ft_itoa.c libft/ft_memchr.c libft/ft_memcmp.c libft/ft_memcpy.c libft/ft_memmove.c libft/ft_memset.c libft/ft_putchar_fd.c libft/ft_putendl_fd.c libft/ft_putnbr_fd.c libft/ft_putstr_fd.c libft/ft_split.c libft/ft_strchr.c libft/ft_strcmp.c libft/ft_strdup.c libft/ft_striteri.c libft/ft_strjoin.c libft/ft_strlcat.c libft/ft_strlcpy.c libft/ft_strlen.c libft/ft_strmapi.c libft/ft_strncmp.c libft/ft_strnstr.c libft/ft_strrchr.c libft/ft_strtrim.c libft/ft_substr.c libft/ft_tolower.c libft/ft_toupper.c
#  Implicit rule search has not been done.
#  File does not exist.
#  File has been updated.
 
#  Needs to be updated (-q is set).
# variable set hash-table stats:
# Load=0/32=0%, Rehash=0, Collisions=0/4=0%
#  commands to execute (from `Makefile', line 71):
	make -C ./libft
	$(CC) -g -lreadline $(FLAGS) $(OBJ) -L libft ./libft/libft.a  -o $(NAME)
	

# Not a target:
parser/substitute_envp_1.o:
#  Implicit rule search has not been done.
#  Modification time never checked.
#  File has not been updated.

# Not a target:
parser/read_lines_1.o:
#  Implicit rule search has not been done.
#  Modification time never checked.
#  File has not been updated.

# Not a target:
libft/ft_memcpy.c:
#  Implicit rule search has not been done.
#  Modification time never checked.
#  File has not been updated.

# Not a target:
libft/ft_itoa.c:
#  Implicit rule search has not been done.
#  Modification time never checked.
#  File has not been updated.

# Not a target:
executer/builtins/env.o:
#  Implicit rule search has not been done.
#  Modification time never checked.
#  File has not been updated.

fclean: clean
#  Phony target (prerequisite of .PHONY).
#  Implicit rule search has not been done.
#  File does not exist.
#  File has not been updated.
#  commands to execute (from `Makefile', line 82):
	$(RM) $(NAME)
	make fclean -C libft/
	

# Not a target:
parser/add_filenames.o:
#  Implicit rule search has not been done.
#  Modification time never checked.
#  File has not been updated.

# Not a target:
libft/ft_memcmp.c:
#  Implicit rule search has not been done.
#  Modification time never checked.
#  File has not been updated.

# Not a target:
libft/ft_strlen.c:
#  Implicit rule search has not been done.
#  Modification time never checked.
#  File has not been updated.

# Not a target:
libft/ft_isascii.c:
#  Implicit rule search has not been done.
#  Modification time never checked.
#  File has not been updated.

# Not a target:
libft/ft_isdigit.c:
#  Implicit rule search has not been done.
#  Modification time never checked.
#  File has not been updated.

# Not a target:
libft/ft_strcmp.c:
#  Implicit rule search has not been done.
#  Modification time never checked.
#  File has not been updated.

# Not a target:
libft/ft_memchr.c:
#  Implicit rule search has not been done.
#  Modification time never checked.
#  File has not been updated.

# Not a target:
executer/pipe/free.o:
#  Implicit rule search has not been done.
#  Modification time never checked.
#  File has not been updated.

# Not a target:
libft/ft_memset.c:
#  Implicit rule search has not been done.
#  Modification time never checked.
#  File has not been updated.

# Not a target:
libft/ft_strlcat.c:
#  Implicit rule search has not been done.
#  Modification time never checked.
#  File has not been updated.

# Not a target:
executer/env/set_env.o:
#  Implicit rule search has not been done.
#  Modification time never checked.
#  File has not been updated.

# Not a target:
libft/ft_tolower.c:
#  Implicit rule search has not been done.
#  Modification time never checked.
#  File has not been updated.

# Not a target:
.DEFAULT:
#  Implicit rule search has not been done.
#  Modification time never checked.
#  File has not been updated.

# Not a target:
libft/ft_strrchr.c:
#  Implicit rule search has not been done.
#  Modification time never checked.
#  File has not been updated.

# Not a target:
libft/ft_strjoin.c:
#  Implicit rule search has not been done.
#  Modification time never checked.
#  File has not been updated.

# Not a target:
libft/ft_split.c:
#  Implicit rule search has not been done.
#  Modification time never checked.
#  File has not been updated.

# Not a target:
parser/substitute_envp_2.o:
#  Implicit rule search has not been done.
#  Modification time never checked.
#  File has not been updated.

# Not a target:
readline/rltypedefs.h:
#  Implicit rule search has been done.
#  Last modified 2022-07-14 16:31:31
#  File has been updated.
#  Successfully updated.
# variable set hash-table stats:
# Load=0/32=0%, Rehash=0, Collisions=0/0=0%

# Not a target:
executer/builtins/unset.o:
#  Implicit rule search has not been done.
#  Modification time never checked.
#  File has not been updated.

# Not a target:
executer/builtins/export2.o:
#  Implicit rule search has not been done.
#  Modification time never checked.
#  File has not been updated.

re: fclean all
#  Phony target (prerequisite of .PHONY).
#  Implicit rule search has not been done.
#  File does not exist.
#  File has not been updated.

clean:
#  Phony target (prerequisite of .PHONY).
#  Implicit rule search has not been done.
#  File does not exist.
#  File has not been updated.
#  commands to execute (from `Makefile', line 78):
	$(RM) $(OBJ)
	make clean -C libft/
	

# Not a target:
libft/ft_bzero.c:
#  Implicit rule search has not been done.
#  Modification time never checked.
#  File has not been updated.

# Not a target:
executer/env/get_env.o:
#  Implicit rule search has not been done.
#  Modification time never checked.
#  File has not been updated.

# Not a target:
libft/ft_isprint.c:
#  Implicit rule search has not been done.
#  Modification time never checked.
#  File has not been updated.

# Not a target:
readline/rlstdc.h:
#  Implicit rule search has been done.
#  Last modified 2022-07-14 16:31:31
#  File has been updated.
#  Successfully updated.
# variable set hash-table stats:
# Load=0/32=0%, Rehash=0, Collisions=0/0=0%

# Not a target:
parser/check.o:
#  Implicit rule search has not been done.
#  Modification time never checked.
#  File has not been updated.

# Not a target:
libft/ft_striteri.c:
#  Implicit rule search has not been done.
#  Modification time never checked.
#  File has not been updated.

main.o: main.c libft/libft.h readline/chardefs.h readline/history.h readline/keymaps.h readline/readline.h readline/rlconf.h readline/rlstdc.h readline/rltypedefs.h readline/tilde.h minishell.h
#  Implicit rule search has been done.
#  Implicit/static pattern stem: `main'
#  File does not exist.
#  File has been updated.
#  Needs to be updated (-q is set).
# automatic
# @ := main.o
# automatic
# % := 
# automatic
# * := main
# automatic
# + := main.c libft/libft.h readline/chardefs.h readline/history.h readline/keymaps.h readline/readline.h readline/rlconf.h readline/rlstdc.h readline/rltypedefs.h readline/tilde.h minishell.h
# automatic
# | := 
# automatic
# < := main.c
# automatic
# ^ := main.c libft/libft.h readline/chardefs.h readline/history.h readline/keymaps.h readline/readline.h readline/rlconf.h readline/rlstdc.h readline/rltypedefs.h readline/tilde.h minishell.h
# automatic
# ? := main.c libft/libft.h readline/chardefs.h readline/history.h readline/keymaps.h readline/readline.h readline/rlconf.h readline/rlstdc.h readline/rltypedefs.h readline/tilde.h minishell.h
# variable set hash-table stats:
# Load=8/32=25%, Rehash=0, Collisions=1/14=7%
#  commands to execute (from `Makefile', line 75):
	$(CC) -g $(FLAGS) -c $< -o $@
	

# Not a target:
executer/pipe/create_pipe.o:
#  Implicit rule search has not been done.
#  Modification time never checked.
#  File has not been updated.

# Not a target:
libft/libft.h:
#  Implicit rule search has been done.
#  Last modified 2022-07-14 16:31:31
#  File has been updated.
#  Successfully updated.
# variable set hash-table stats:
# Load=0/32=0%, Rehash=0, Collisions=0/0=0%

# Not a target:
readline/tilde.h:
#  Implicit rule search has been done.
#  Last modified 2022-07-14 16:31:31
#  File has been updated.
#  Successfully updated.
# variable set hash-table stats:
# Load=0/32=0%, Rehash=0, Collisions=0/0=0%

# Not a target:
libft/ft_putnbr_fd.c:
#  Implicit rule search has not been done.
#  Modification time never checked.
#  File has not been updated.

# Not a target:
executer/env/del_env.o:
#  Implicit rule search has not been done.
#  Modification time never checked.
#  File has not been updated.

# Not a target:
parser/parse_heredocs.o:
#  Implicit rule search has not been done.
#  Modification time never checked.
#  File has not been updated.

# Not a target:
executer/pipe/heredoc.o:
#  Implicit rule search has not been done.
#  Modification time never checked.
#  File has not been updated.

# Not a target:
libft/ft_calloc.c:
 
#  Implicit rule search has not been done.
#  Modification time never checked.
#  File has not been updated.

# Not a target:
utils/utils.o:
#  Implicit rule search has not been done.
#  Modification time never checked.
#  File has not been updated.

# Not a target:
minishell.h:
#  Implicit rule search has been done.
#  Last modified 2022-07-14 16:31:31
#  File has been updated.
#  Successfully updated.
# variable set hash-table stats:
# Load=0/32=0%, Rehash=0, Collisions=0/0=0%

# Not a target:
libft/ft_substr.c:
#  Implicit rule search has not been done.
#  Modification time never checked.
#  File has not been updated.

# Not a target:
libft/ft_isalpha.c:
#  Implicit rule search has not been done.
#  Modification time never checked.
#  File has not been updated.

# Not a target:
parser/to_tree.o:
#  Implicit rule search has not been done.
#  Modification time never checked.
#  File has not been updated.

# files hash-table stats:
# Load=87/1024=8%, Rehash=0, Collisions=6/198=3%
# VPATH Search Paths

# No `vpath' search paths.

# No general (`VPATH' variable) search path.

# # of strings in strcache: 1
# # of strcache buffers: 1
# strcache size: total = 4096 / max = 4096 / min = 4096 / avg = 4096
# strcache free: total = 4087 / max = 4087 / min = 4087 / avg = 4087

# Finished Make data base on Thu Jul 14 16:31:51 2022

 
